# JRE version: OpenJDK Runtime Environment (17.0.11) (build 17.0.11+0--11852314)
# Java VM: OpenJDK 64-Bit Server VM (17.0.11+0--11852314, mixed mode, tiered, compressed oops, compressed class ptrs, g1 gc, windows-amd64)
GC Precious Log:
 CPUs: 2 total, 2 available
 Memory: 7645M
 Large Page Support: Disabled
 NUMA Support: Disabled
 Compressed Oops: Enabled (32-bit)
 Heap Region Size: 1M
 Heap Min Capacity: 8M
 Heap Initial Capacity: 120M
 Heap Max Capacity: 1912M
 Pre-touch: Disabled
 Parallel Workers: 2
 Concurrent Workers: 1
 Concurrent Refinement Workers: 2
 Periodic GC: Disabled
Heap:
 garbage-first heap   total 121856K, used 81631K [0x0000000088800000, 0x0000000100000000)
  region size 1024K, 3 young (3072K), 2 survivors (2048K)
 Metaspace       used 79423K, committed 79744K, reserved 1179648K
  class space    used 8810K, committed 8960K, reserved 1048576K
GC Heap History (20 events):
Event: 243.036 GC heap before
{Heap before GC invocations=57 (full 0):
 garbage-first heap   total 111616K, used 85939K [0x0000000088800000, 0x0000000100000000)
  region size 1024K, 31 young (31744K), 1 survivors (1024K)
 Metaspace       used 64439K, committed 64704K, reserved 1114112K
  class space    used 7341K, committed 7488K, reserved 1048576K
}
Event: 243.082 GC heap after
{Heap after GC invocations=58 (full 0):
 garbage-first heap   total 111616K, used 58996K [0x0000000088800000, 0x0000000100000000)
  region size 1024K, 4 young (4096K), 4 survivors (4096K)
 Metaspace       used 64439K, committed 64704K, reserved 1114112K
  class space    used 7341K, committed 7488K, reserved 1048576K
}
Event: 273.042 GC heap before
{Heap before GC invocations=58 (full 0):
 garbage-first heap   total 111616K, used 87668K [0x0000000088800000, 0x0000000100000000)
  region size 1024K, 32 young (32768K), 4 survivors (4096K)
 Metaspace       used 65192K, committed 65408K, reserved 1114112K
  class space    used 7402K, committed 7488K, reserved 1048576K
}
Event: 273.105 GC heap after
{Heap after GC invocations=59 (full 0):
 garbage-first heap   total 111616K, used 62779K [0x0000000088800000, 0x0000000100000000)
  region size 1024K, 4 young (4096K), 4 survivors (4096K)
 Metaspace       used 65192K, committed 65408K, reserved 1114112K
  class space    used 7402K, committed 7488K, reserved 1048576K
}
Event: 298.067 GC heap before
{Heap before GC invocations=59 (full 0):
 garbage-first heap   total 111616K, used 91451K [0x0000000088800000, 0x0000000100000000)
  region size 1024K, 30 young (30720K), 4 survivors (4096K)
 Metaspace       used 65468K, committed 65728K, reserved 1114112K
  class space    used 7412K, committed 7552K, reserved 1048576K
}
Event: 298.130 GC heap after
{Heap after GC invocations=60 (full 0):
 garbage-first heap   total 111616K, used 68351K [0x0000000088800000, 0x0000000100000000)
  region size 1024K, 4 young (4096K), 4 survivors (4096K)
 Metaspace       used 65468K, committed 65728K, reserved 1114112K
  class space    used 7412K, committed 7552K, reserved 1048576K
}
Event: 312.837 GC heap before
{Heap before GC invocations=60 (full 0):
 garbage-first heap   total 111616K, used 90879K [0x0000000088800000, 0x0000000100000000)
  region size 1024K, 26 young (26624K), 4 survivors (4096K)
 Metaspace       used 65650K, committed 65920K, reserved 1114112K
  class space    used 7419K, committed 7552K, reserved 1048576K
}
Event: 312.896 GC heap after
{Heap after GC invocations=61 (full 0):
 garbage-first heap   total 111616K, used 70992K [0x0000000088800000, 0x0000000100000000)
  region size 1024K, 3 young (3072K), 3 survivors (3072K)
 Metaspace       used 65650K, committed 65920K, reserved 1114112K
  class space    used 7419K, committed 7552K, reserved 1048576K
}
Event: 327.458 GC heap before
{Heap before GC invocations=62 (full 0):
 garbage-first heap   total 121856K, used 91472K [0x0000000088800000, 0x0000000100000000)
  region size 1024K, 23 young (23552K), 3 survivors (3072K)
 Metaspace       used 67417K, committed 67648K, reserved 1114112K
  class space    used 7688K, committed 7808K, reserved 1048576K
}
Event: 327.496 GC heap after
{Heap after GC invocations=63 (full 0):
 garbage-first heap   total 121856K, used 72616K [0x0000000088800000, 0x0000000100000000)
  region size 1024K, 3 young (3072K), 3 survivors (3072K)
 Metaspace       used 67417K, committed 67648K, reserved 1114112K
  class space    used 7688K, committed 7808K, reserved 1048576K
}
Event: 329.942 GC heap before
{Heap before GC invocations=63 (full 0):
 garbage-first heap   total 121856K, used 74664K [0x0000000088800000, 0x0000000100000000)
  region size 1024K, 5 young (5120K), 3 survivors (3072K)
 Metaspace       used 67512K, committed 67712K, reserved 1114112K
  class space    used 7700K, committed 7808K, reserved 1048576K
}
Event: 329.975 GC heap after
{Heap after GC invocations=64 (full 0):
 garbage-first heap   total 121856K, used 72345K [0x0000000088800000, 0x0000000100000000)
  region size 1024K, 1 young (1024K), 1 survivors (1024K)
 Metaspace       used 67512K, committed 67712K, reserved 1114112K
  class space    used 7700K, committed 7808K, reserved 1048576K
}
Event: 344.431 GC heap before
{Heap before GC invocations=64 (full 0):
 garbage-first heap   total 121856K, used 98969K [0x0000000088800000, 0x0000000100000000)
  region size 1024K, 27 young (27648K), 1 survivors (1024K)
 Metaspace       used 70139K, committed 70400K, reserved 1114112K
  class space    used 7929K, committed 8064K, reserved 1048576K
}
Event: 344.447 GC heap after
{Heap after GC invocations=65 (full 0):
 garbage-first heap   total 121856K, used 73195K [0x0000000088800000, 0x0000000100000000)
  region size 1024K, 2 young (2048K), 2 survivors (2048K)
 Metaspace       used 70139K, committed 70400K, reserved 1114112K
  class space    used 7929K, committed 8064K, reserved 1048576K
}
Event: 355.559 GC heap before
{Heap before GC invocations=65 (full 0):
 garbage-first heap   total 121856K, used 99819K [0x0000000088800000, 0x0000000100000000)
  region size 1024K, 28 young (28672K), 2 survivors (2048K)
 Metaspace       used 74545K, committed 74880K, reserved 1179648K
  class space    used 8347K, committed 8512K, reserved 1048576K
}
Event: 355.591 GC heap after
{Heap after GC invocations=66 (full 0):
 garbage-first heap   total 121856K, used 75507K [0x0000000088800000, 0x0000000100000000)
  region size 1024K, 4 young (4096K), 4 survivors (4096K)
 Metaspace       used 74545K, committed 74880K, reserved 1179648K
  class space    used 8347K, committed 8512K, reserved 1048576K
}
Event: 367.670 GC heap before
{Heap before GC invocations=66 (full 0):
 garbage-first heap   total 121856K, used 100083K [0x0000000088800000, 0x0000000100000000)
  region size 1024K, 29 young (29696K), 4 survivors (4096K)
 Metaspace       used 75299K, committed 75648K, reserved 1179648K
  class space    used 8418K, committed 8576K, reserved 1048576K
}
Event: 367.736 GC heap after
{Heap after GC invocations=67 (full 0):
 garbage-first heap   total 121856K, used 79928K [0x0000000088800000, 0x0000000100000000)
  region size 1024K, 4 young (4096K), 4 survivors (4096K)
 Metaspace       used 75299K, committed 75648K, reserved 1179648K
  class space    used 8418K, committed 8576K, reserved 1048576K
}
Event: 377.494 GC heap before
{Heap before GC invocations=67 (full 0):
 garbage-first heap   total 121856K, used 100408K [0x0000000088800000, 0x0000000100000000)
  region size 1024K, 24 young (24576K), 4 survivors (4096K)
 Metaspace       used 79390K, committed 79744K, reserved 1179648K
  class space    used 8809K, committed 8960K, reserved 1048576K
}
Event: 377.540 GC heap after
{Heap after GC invocations=68 (full 0):
 garbage-first heap   total 121856K, used 81631K [0x0000000088800000, 0x0000000100000000)
  region size 1024K, 2 young (2048K), 2 survivors (2048K)
 Metaspace       used 79390K, committed 79744K, reserved 1179648K
  class space    used 8809K, committed 8960K, reserved 1048576K
}

