# JRE version: OpenJDK Runtime Environment (17.0.11) (build 17.0.11+0--11852314)
# Java VM: OpenJDK 64-Bit Server VM (17.0.11+0--11852314, mixed mode, tiered, compressed oops, compressed class ptrs, g1 gc, windows-amd64)
GC Precious Log:
 CPUs: 2 total, 2 available
 Memory: 7645M
 Large Page Support: Disabled
 NUMA Support: Disabled
 Compressed Oops: Enabled (32-bit)
 Heap Region Size: 1M
 Heap Min Capacity: 8M
 Heap Initial Capacity: 120M
 Heap Max Capacity: 2G
 Pre-touch: Disabled
 Parallel Workers: 2
 Concurrent Workers: 1
 Concurrent Refinement Workers: 2
 Periodic GC: Disabled
Heap:
 garbage-first heap   total 510976K, used 186595K [0x0000000080000000, 0x0000000100000000)
  region size 1024K, 1 young (1024K), 1 survivors (1024K)
 Metaspace       used 144205K, committed 145152K, reserved 1179648K
  class space    used 18998K, committed 19456K, reserved 1048576K
GC Heap History (20 events):
Event: 282.075 GC heap after
{Heap after GC invocations=52 (full 0):
 garbage-first heap   total 454656K, used 169382K [0x0000000080000000, 0x0000000100000000)
  region size 1024K, 27 young (27648K), 27 survivors (27648K)
 Metaspace       used 120228K, committed 121088K, reserved 1179648K
  class space    used 15866K, committed 16256K, reserved 1048576K
}
Event: 282.135 GC heap before
{Heap before GC invocations=52 (full 0):
 garbage-first heap   total 454656K, used 170406K [0x0000000080000000, 0x0000000100000000)
  region size 1024K, 28 young (28672K), 27 survivors (27648K)
 Metaspace       used 120228K, committed 121088K, reserved 1179648K
  class space    used 15866K, committed 16256K, reserved 1048576K
}
Event: 282.236 GC heap after
{Heap after GC invocations=53 (full 0):
 garbage-first heap   total 454656K, used 169382K [0x0000000080000000, 0x0000000100000000)
  region size 1024K, 1 young (1024K), 1 survivors (1024K)
 Metaspace       used 120228K, committed 121088K, reserved 1179648K
  class space    used 15866K, committed 16256K, reserved 1048576K
}
Event: 288.808 GC heap before
{Heap before GC invocations=53 (full 0):
 garbage-first heap   total 454656K, used 340390K [0x0000000080000000, 0x0000000100000000)
  region size 1024K, 168 young (172032K), 1 survivors (1024K)
 Metaspace       used 123026K, committed 123904K, reserved 1179648K
  class space    used 16136K, committed 16512K, reserved 1048576K
}
Event: 288.870 GC heap after
{Heap after GC invocations=54 (full 0):
 garbage-first heap   total 454656K, used 180134K [0x0000000080000000, 0x0000000100000000)
  region size 1024K, 12 young (12288K), 12 survivors (12288K)
 Metaspace       used 123026K, committed 123904K, reserved 1179648K
  class space    used 16136K, committed 16512K, reserved 1048576K
}
Event: 306.769 GC heap before
{Heap before GC invocations=55 (full 0):
 garbage-first heap   total 454656K, used 321446K [0x0000000080000000, 0x0000000100000000)
  region size 1024K, 176 young (180224K), 12 survivors (12288K)
 Metaspace       used 127014K, committed 127936K, reserved 1179648K
  class space    used 16596K, committed 17024K, reserved 1048576K
}
Event: 306.845 GC heap after
{Heap after GC invocations=56 (full 0):
 garbage-first heap   total 454656K, used 151462K [0x0000000080000000, 0x0000000100000000)
  region size 1024K, 8 young (8192K), 8 survivors (8192K)
 Metaspace       used 127014K, committed 127936K, reserved 1179648K
  class space    used 16596K, committed 17024K, reserved 1048576K
}
Event: 307.571 GC heap before
{Heap before GC invocations=56 (full 0):
 garbage-first heap   total 454656K, used 164774K [0x0000000080000000, 0x0000000100000000)
  region size 1024K, 22 young (22528K), 8 survivors (8192K)
 Metaspace       used 127026K, committed 127936K, reserved 1179648K
  class space    used 16597K, committed 17024K, reserved 1048576K
}
Event: 307.618 GC heap after
{Heap after GC invocations=57 (full 0):
 garbage-first heap   total 454656K, used 145318K [0x0000000080000000, 0x0000000100000000)
  region size 1024K, 3 young (3072K), 3 survivors (3072K)
 Metaspace       used 127026K, committed 127936K, reserved 1179648K
  class space    used 16597K, committed 17024K, reserved 1048576K
}
Event: 318.729 GC heap before
{Heap before GC invocations=57 (full 0):
 garbage-first heap   total 454656K, used 340902K [0x0000000080000000, 0x0000000100000000)
  region size 1024K, 195 young (199680K), 3 survivors (3072K)
 Metaspace       used 129430K, committed 130368K, reserved 1179648K
  class space    used 16935K, committed 17408K, reserved 1048576K
}
Event: 318.812 GC heap after
{Heap after GC invocations=58 (full 0):
 garbage-first heap   total 454656K, used 163134K [0x0000000080000000, 0x0000000100000000)
  region size 1024K, 21 young (21504K), 21 survivors (21504K)
 Metaspace       used 129430K, committed 130368K, reserved 1179648K
  class space    used 16935K, committed 17408K, reserved 1048576K
}
Event: 330.152 GC heap before
{Heap before GC invocations=59 (full 0):
 garbage-first heap   total 454656K, used 343358K [0x0000000080000000, 0x0000000100000000)
  region size 1024K, 203 young (207872K), 21 survivors (21504K)
 Metaspace       used 136420K, committed 137344K, reserved 1179648K
  class space    used 17912K, committed 18368K, reserved 1048576K
}
Event: 330.444 GC heap after
{Heap after GC invocations=60 (full 0):
 garbage-first heap   total 454656K, used 177046K [0x0000000080000000, 0x0000000100000000)
  region size 1024K, 26 young (26624K), 26 survivors (26624K)
 Metaspace       used 136420K, committed 137344K, reserved 1179648K
  class space    used 17912K, committed 18368K, reserved 1048576K
}
Event: 330.490 GC heap before
{Heap before GC invocations=60 (full 0):
 garbage-first heap   total 454656K, used 178070K [0x0000000080000000, 0x0000000100000000)
  region size 1024K, 27 young (27648K), 26 survivors (26624K)
 Metaspace       used 136534K, committed 137536K, reserved 1179648K
  class space    used 17919K, committed 18432K, reserved 1048576K
}
Event: 330.675 GC heap after
{Heap after GC invocations=61 (full 0):
 garbage-first heap   total 454656K, used 170918K [0x0000000080000000, 0x0000000100000000)
  region size 1024K, 1 young (1024K), 1 survivors (1024K)
 Metaspace       used 136534K, committed 137536K, reserved 1179648K
  class space    used 17919K, committed 18432K, reserved 1048576K
}
Event: 344.628 GC heap before
{Heap before GC invocations=61 (full 0):
 garbage-first heap   total 454656K, used 349094K [0x0000000080000000, 0x0000000100000000)
  region size 1024K, 175 young (179200K), 1 survivors (1024K)
 Metaspace       used 143463K, committed 144448K, reserved 1179648K
  class space    used 18982K, committed 19456K, reserved 1048576K
}
Event: 344.969 GC heap after
{Heap after GC invocations=62 (full 0):
 garbage-first heap   total 454656K, used 189862K [0x0000000080000000, 0x0000000100000000)
  region size 1024K, 20 young (20480K), 20 survivors (20480K)
 Metaspace       used 143463K, committed 144448K, reserved 1179648K
  class space    used 18982K, committed 19456K, reserved 1048576K
}
Event: 349.532 GC heap before
{Heap before GC invocations=63 (full 0):
 garbage-first heap   total 454656K, used 214438K [0x0000000080000000, 0x0000000100000000)
  region size 1024K, 44 young (45056K), 20 survivors (20480K)
 Metaspace       used 143954K, committed 144896K, reserved 1179648K
  class space    used 18996K, committed 19456K, reserved 1048576K
}
Event: 349.665 GC heap after
{Heap after GC invocations=64 (full 0):
 garbage-first heap   total 454656K, used 190374K [0x0000000080000000, 0x0000000100000000)
  region size 1024K, 1 young (1024K), 1 survivors (1024K)
 Metaspace       used 143954K, committed 144896K, reserved 1179648K
  class space    used 18996K, committed 19456K, reserved 1048576K
}
Event: 351.148 GC heap before
{Heap before GC invocations=64 (full 0):
 garbage-first heap   total 454656K, used 211878K [0x0000000080000000, 0x0000000100000000)
  region size 1024K, 22 young (22528K), 1 survivors (1024K)
 Metaspace       used 144205K, committed 145152K, reserved 1179648K
  class space    used 18998K, committed 19456K, reserved 1048576K
}

