# JRE version: OpenJDK Runtime Environment (17.0.11) (build 17.0.11+0--11852314)
# Java VM: OpenJDK 64-Bit Server VM (17.0.11+0--11852314, mixed mode, tiered, compressed oops, compressed class ptrs, g1 gc, windows-amd64)
GC Precious Log:
 CPUs: 2 total, 2 available
 Memory: 7645M
 Large Page Support: Disabled
 NUMA Support: Disabled
 Compressed Oops: Enabled (32-bit)
 Heap Region Size: 1M
 Heap Min Capacity: 8M
 Heap Initial Capacity: 120M
 Heap Max Capacity: 2G
 Pre-touch: Disabled
 Parallel Workers: 2
 Concurrent Workers: 1
 Concurrent Refinement Workers: 2
 Periodic GC: Disabled
Heap:
 garbage-first heap   total 586752K, used 248884K [0x0000000080000000, 0x0000000100000000)
  region size 1024K, 12 young (12288K), 12 survivors (12288K)
 Metaspace       used 133530K, committed 134400K, reserved 1179648K
  class space    used 17882K, committed 18304K, reserved 1048576K
GC Heap History (20 events):
Event: 160.395 GC heap after
{Heap after GC invocations=43 (full 0):
 garbage-first heap   total 586752K, used 159284K [0x0000000080000000, 0x0000000100000000)
  region size 1024K, 1 young (1024K), 1 survivors (1024K)
 Metaspace       used 112644K, committed 113408K, reserved 1179648K
  class space    used 15177K, committed 15552K, reserved 1048576K
}
Event: 170.705 GC heap before
{Heap before GC invocations=43 (full 0):
 garbage-first heap   total 586752K, used 286260K [0x0000000080000000, 0x0000000100000000)
  region size 1024K, 98 young (100352K), 1 survivors (1024K)
 Metaspace       used 114199K, committed 115072K, reserved 1179648K
  class space    used 15307K, committed 15680K, reserved 1048576K
}
Event: 170.770 GC heap after
{Heap after GC invocations=44 (full 0):
 garbage-first heap   total 586752K, used 169012K [0x0000000080000000, 0x0000000100000000)
  region size 1024K, 11 young (11264K), 11 survivors (11264K)
 Metaspace       used 114199K, committed 115072K, reserved 1179648K
  class space    used 15307K, committed 15680K, reserved 1048576K
}
Event: 177.124 GC heap before
{Heap before GC invocations=44 (full 0):
 garbage-first heap   total 586752K, used 255028K [0x0000000080000000, 0x0000000100000000)
  region size 1024K, 96 young (98304K), 11 survivors (11264K)
 Metaspace       used 117024K, committed 117824K, reserved 1179648K
  class space    used 15575K, committed 15936K, reserved 1048576K
}
Event: 177.317 GC heap after
{Heap after GC invocations=45 (full 0):
 garbage-first heap   total 586752K, used 183860K [0x0000000080000000, 0x0000000100000000)
  region size 1024K, 12 young (12288K), 12 survivors (12288K)
 Metaspace       used 117024K, committed 117824K, reserved 1179648K
  class space    used 15575K, committed 15936K, reserved 1048576K
}
Event: 183.556 GC heap before
{Heap before GC invocations=45 (full 0):
 garbage-first heap   total 586752K, used 261684K [0x0000000080000000, 0x0000000100000000)
  region size 1024K, 88 young (90112K), 12 survivors (12288K)
 Metaspace       used 117218K, committed 118016K, reserved 1179648K
  class space    used 15587K, committed 15936K, reserved 1048576K
}
Event: 183.666 GC heap after
{Heap after GC invocations=46 (full 0):
 garbage-first heap   total 586752K, used 187956K [0x0000000080000000, 0x0000000100000000)
  region size 1024K, 4 young (4096K), 4 survivors (4096K)
 Metaspace       used 117218K, committed 118016K, reserved 1179648K
  class space    used 15587K, committed 15936K, reserved 1048576K
}
Event: 199.504 GC heap before
{Heap before GC invocations=46 (full 0):
 garbage-first heap   total 586752K, used 304692K [0x0000000080000000, 0x0000000100000000)
  region size 1024K, 117 young (119808K), 4 survivors (4096K)
 Metaspace       used 119207K, committed 120000K, reserved 1179648K
  class space    used 15813K, committed 16192K, reserved 1048576K
}
Event: 199.574 GC heap after
{Heap after GC invocations=47 (full 0):
 garbage-first heap   total 586752K, used 192029K [0x0000000080000000, 0x0000000100000000)
  region size 1024K, 8 young (8192K), 8 survivors (8192K)
 Metaspace       used 119207K, committed 120000K, reserved 1179648K
  class space    used 15813K, committed 16192K, reserved 1048576K
}
Event: 207.743 GC heap before
{Heap before GC invocations=47 (full 0):
 garbage-first heap   total 586752K, used 316957K [0x0000000080000000, 0x0000000100000000)
  region size 1024K, 131 young (134144K), 8 survivors (8192K)
 Metaspace       used 119975K, committed 120768K, reserved 1179648K
  class space    used 15914K, committed 16320K, reserved 1048576K
}
Event: 207.832 GC heap after
{Heap after GC invocations=48 (full 0):
 garbage-first heap   total 586752K, used 196148K [0x0000000080000000, 0x0000000100000000)
  region size 1024K, 12 young (12288K), 12 survivors (12288K)
 Metaspace       used 119975K, committed 120768K, reserved 1179648K
  class space    used 15914K, committed 16320K, reserved 1048576K
}
Event: 216.788 GC heap before
{Heap before GC invocations=48 (full 0):
 garbage-first heap   total 586752K, used 324148K [0x0000000080000000, 0x0000000100000000)
  region size 1024K, 138 young (141312K), 12 survivors (12288K)
 Metaspace       used 124996K, committed 125824K, reserved 1179648K
  class space    used 16597K, committed 17024K, reserved 1048576K
}
Event: 216.982 GC heap after
{Heap after GC invocations=49 (full 0):
 garbage-first heap   total 586752K, used 216628K [0x0000000080000000, 0x0000000100000000)
  region size 1024K, 18 young (18432K), 18 survivors (18432K)
 Metaspace       used 124996K, committed 125824K, reserved 1179648K
  class space    used 16597K, committed 17024K, reserved 1048576K
}
Event: 220.403 GC heap before
{Heap before GC invocations=49 (full 0):
 garbage-first heap   total 586752K, used 281140K [0x0000000080000000, 0x0000000100000000)
  region size 1024K, 81 young (82944K), 18 survivors (18432K)
 Metaspace       used 126781K, committed 127680K, reserved 1179648K
  class space    used 16891K, committed 17344K, reserved 1048576K
}
Event: 220.588 GC heap after
{Heap after GC invocations=50 (full 0):
 garbage-first heap   total 586752K, used 219700K [0x0000000080000000, 0x0000000100000000)
  region size 1024K, 10 young (10240K), 10 survivors (10240K)
 Metaspace       used 126781K, committed 127680K, reserved 1179648K
  class space    used 16891K, committed 17344K, reserved 1048576K
}
Event: 224.915 GC heap before
{Heap before GC invocations=50 (full 0):
 garbage-first heap   total 586752K, used 324148K [0x0000000080000000, 0x0000000100000000)
  region size 1024K, 113 young (115712K), 10 survivors (10240K)
 Metaspace       used 129615K, committed 130560K, reserved 1179648K
  class space    used 17264K, committed 17728K, reserved 1048576K
}
Event: 225.269 GC heap after
{Heap after GC invocations=51 (full 0):
 garbage-first heap   total 586752K, used 236084K [0x0000000080000000, 0x0000000100000000)
  region size 1024K, 15 young (15360K), 15 survivors (15360K)
 Metaspace       used 129615K, committed 130560K, reserved 1179648K
  class space    used 17264K, committed 17728K, reserved 1048576K
}
Event: 228.769 GC heap before
{Heap before GC invocations=51 (full 0):
 garbage-first heap   total 586752K, used 248372K [0x0000000080000000, 0x0000000100000000)
  region size 1024K, 28 young (28672K), 15 survivors (15360K)
 Metaspace       used 130010K, committed 130944K, reserved 1179648K
  class space    used 17331K, committed 17792K, reserved 1048576K
}
Event: 229.075 GC heap after
{Heap after GC invocations=52 (full 0):
 garbage-first heap   total 586752K, used 238644K [0x0000000080000000, 0x0000000100000000)
  region size 1024K, 2 young (2048K), 2 survivors (2048K)
 Metaspace       used 130010K, committed 130944K, reserved 1179648K
  class space    used 17331K, committed 17792K, reserved 1048576K
}
Event: 238.802 GC heap before
{Heap before GC invocations=52 (full 0):
 garbage-first heap   total 586752K, used 330804K [0x0000000080000000, 0x0000000100000000)
  region size 1024K, 92 young (94208K), 2 survivors (2048K)
 Metaspace       used 133530K, committed 134400K, reserved 1179648K
  class space    used 17882K, committed 18304K, reserved 1048576K
}

