# JRE version: OpenJDK Runtime Environment (17.0.11) (build 17.0.11+0--11852314)
# Java VM: OpenJDK 64-Bit Server VM (17.0.11+0--11852314, mixed mode, tiered, compressed oops, compressed class ptrs, g1 gc, windows-amd64)
GC Precious Log:
 CPUs: 2 total, 2 available
 Memory: 7645M
 Large Page Support: Disabled
 NUMA Support: Disabled
 Compressed Oops: Enabled (32-bit)
 Heap Region Size: 1M
 Heap Min Capacity: 8M
 Heap Initial Capacity: 120M
 Heap Max Capacity: 2G
 Pre-touch: Disabled
 Parallel Workers: 2
 Concurrent Workers: 1
 Concurrent Refinement Workers: 2
 Periodic GC: Disabled
Heap:
 garbage-first heap   total 542720K, used 160634K [0x0000000080000000, 0x0000000100000000)
  region size 1024K, 2 young (2048K), 2 survivors (2048K)
 Metaspace       used 165088K, committed 166272K, reserved 1245184K
  class space    used 21241K, committed 21824K, reserved 1048576K
GC Heap History (20 events):
Event: 4267.706 GC heap after
{Heap after GC invocations=113 (full 0):
 garbage-first heap   total 549888K, used 159392K [0x0000000080000000, 0x0000000100000000)
  region size 1024K, 3 young (3072K), 3 survivors (3072K)
 Metaspace       used 164385K, committed 165504K, reserved 1245184K
  class space    used 21237K, committed 21824K, reserved 1048576K
}
Event: 4269.928 GC heap before
{Heap before GC invocations=113 (full 0):
 garbage-first heap   total 549888K, used 217760K [0x0000000080000000, 0x0000000100000000)
  region size 1024K, 61 young (62464K), 3 survivors (3072K)
 Metaspace       used 164387K, committed 165504K, reserved 1245184K
  class space    used 21237K, committed 21824K, reserved 1048576K
}
Event: 4269.961 GC heap after
{Heap after GC invocations=114 (full 0):
 garbage-first heap   total 549888K, used 161151K [0x0000000080000000, 0x0000000100000000)
  region size 1024K, 5 young (5120K), 5 survivors (5120K)
 Metaspace       used 164387K, committed 165504K, reserved 1245184K
  class space    used 21237K, committed 21824K, reserved 1048576K
}
Event: 4948.694 GC heap before
{Heap before GC invocations=115 (full 0):
 garbage-first heap   total 542720K, used 401791K [0x0000000080000000, 0x0000000100000000)
  region size 1024K, 156 young (159744K), 5 survivors (5120K)
 Metaspace       used 164585K, committed 165760K, reserved 1245184K
  class space    used 21240K, committed 21824K, reserved 1048576K
}
Event: 4948.842 GC heap after
{Heap after GC invocations=116 (full 0):
 garbage-first heap   total 542720K, used 167246K [0x0000000080000000, 0x0000000100000000)
  region size 1024K, 11 young (11264K), 11 survivors (11264K)
 Metaspace       used 164585K, committed 165760K, reserved 1245184K
  class space    used 21240K, committed 21824K, reserved 1048576K
}
Event: 4949.532 GC heap before
{Heap before GC invocations=116 (full 0):
 garbage-first heap   total 542720K, used 182606K [0x0000000080000000, 0x0000000100000000)
  region size 1024K, 26 young (26624K), 11 survivors (11264K)
 Metaspace       used 164590K, committed 165760K, reserved 1245184K
  class space    used 21240K, committed 21824K, reserved 1048576K
}
Event: 4949.785 GC heap after
{Heap after GC invocations=117 (full 0):
 garbage-first heap   total 542720K, used 164864K [0x0000000080000000, 0x0000000100000000)
  region size 1024K, 2 young (2048K), 2 survivors (2048K)
 Metaspace       used 164590K, committed 165760K, reserved 1245184K
  class space    used 21240K, committed 21824K, reserved 1048576K
}
Event: 4950.403 GC heap before
{Heap before GC invocations=117 (full 0):
 garbage-first heap   total 542720K, used 167936K [0x0000000080000000, 0x0000000100000000)
  region size 1024K, 6 young (6144K), 2 survivors (2048K)
 Metaspace       used 164591K, committed 165760K, reserved 1245184K
  class space    used 21240K, committed 21824K, reserved 1048576K
}
Event: 4950.428 GC heap after
{Heap after GC invocations=118 (full 0):
 garbage-first heap   total 542720K, used 165602K [0x0000000080000000, 0x0000000100000000)
  region size 1024K, 3 young (3072K), 3 survivors (3072K)
 Metaspace       used 164591K, committed 165760K, reserved 1245184K
  class space    used 21240K, committed 21824K, reserved 1048576K
}
Event: 4994.925 GC heap before
{Heap before GC invocations=119 (full 0):
 garbage-first heap   total 542720K, used 323298K [0x0000000080000000, 0x0000000100000000)
  region size 1024K, 127 young (130048K), 3 survivors (3072K)
 Metaspace       used 164863K, committed 165952K, reserved 1245184K
  class space    used 21241K, committed 21824K, reserved 1048576K
}
Event: 4995.009 GC heap after
{Heap after GC invocations=120 (full 0):
 garbage-first heap   total 542720K, used 167713K [0x0000000080000000, 0x0000000100000000)
  region size 1024K, 9 young (9216K), 9 survivors (9216K)
 Metaspace       used 164863K, committed 165952K, reserved 1245184K
  class space    used 21241K, committed 21824K, reserved 1048576K
}
Event: 4995.535 GC heap before
{Heap before GC invocations=120 (full 0):
 garbage-first heap   total 542720K, used 184097K [0x0000000080000000, 0x0000000100000000)
  region size 1024K, 26 young (26624K), 9 survivors (9216K)
 Metaspace       used 164864K, committed 165952K, reserved 1245184K
  class space    used 21241K, committed 21824K, reserved 1048576K
}
Event: 4995.723 GC heap after
{Heap after GC invocations=121 (full 0):
 garbage-first heap   total 542720K, used 158084K [0x0000000080000000, 0x0000000100000000)
  region size 1024K, 3 young (3072K), 3 survivors (3072K)
 Metaspace       used 164864K, committed 165952K, reserved 1245184K
  class space    used 21241K, committed 21824K, reserved 1048576K
}
Event: 5032.737 GC heap before
{Heap before GC invocations=121 (full 0):
 garbage-first heap   total 542720K, used 272772K [0x0000000080000000, 0x0000000100000000)
  region size 1024K, 115 young (117760K), 3 survivors (3072K)
 Metaspace       used 164921K, committed 166080K, reserved 1245184K
  class space    used 21241K, committed 21824K, reserved 1048576K
}
Event: 5032.783 GC heap after
{Heap after GC invocations=122 (full 0):
 garbage-first heap   total 542720K, used 156731K [0x0000000080000000, 0x0000000100000000)
  region size 1024K, 2 young (2048K), 2 survivors (2048K)
 Metaspace       used 164921K, committed 166080K, reserved 1245184K
  class space    used 21241K, committed 21824K, reserved 1048576K
}
Event: 5046.715 GC heap before
{Heap before GC invocations=123 (full 0):
 garbage-first heap   total 539648K, used 332859K [0x0000000080000000, 0x0000000100000000)
  region size 1024K, 171 young (175104K), 2 survivors (2048K)
 Metaspace       used 165088K, committed 166272K, reserved 1245184K
  class space    used 21241K, committed 21824K, reserved 1048576K
}
Event: 5047.036 GC heap after
{Heap after GC invocations=124 (full 0):
 garbage-first heap   total 539648K, used 167920K [0x0000000080000000, 0x0000000100000000)
  region size 1024K, 11 young (11264K), 11 survivors (11264K)
 Metaspace       used 165088K, committed 166272K, reserved 1245184K
  class space    used 21241K, committed 21824K, reserved 1048576K
}
Event: 5048.491 GC heap before
{Heap before GC invocations=124 (full 0):
 garbage-first heap   total 539648K, used 183280K [0x0000000080000000, 0x0000000100000000)
  region size 1024K, 26 young (26624K), 11 survivors (11264K)
 Metaspace       used 165088K, committed 166272K, reserved 1245184K
  class space    used 21241K, committed 21824K, reserved 1048576K
}
Event: 5048.722 GC heap after
{Heap after GC invocations=125 (full 0):
 garbage-first heap   total 539648K, used 161402K [0x0000000080000000, 0x0000000100000000)
  region size 1024K, 3 young (3072K), 3 survivors (3072K)
 Metaspace       used 165088K, committed 166272K, reserved 1245184K
  class space    used 21241K, committed 21824K, reserved 1048576K
}
Event: 5049.081 GC heap before
{Heap before GC invocations=125 (full 0):
 garbage-first heap   total 539648K, used 161402K [0x0000000080000000, 0x0000000100000000)
  region size 1024K, 4 young (4096K), 3 survivors (3072K)
 Metaspace       used 165088K, committed 166272K, reserved 1245184K
  class space    used 21241K, committed 21824K, reserved 1048576K
}

