# JRE version: OpenJDK Runtime Environment (17.0.11) (build 17.0.11+0--11852314)
# Java VM: OpenJDK 64-Bit Server VM (17.0.11+0--11852314, mixed mode, tiered, compressed oops, compressed class ptrs, g1 gc, windows-amd64)
GC Precious Log:
 CPUs: 2 total, 2 available
 Memory: 7645M
 Large Page Support: Disabled
 NUMA Support: Disabled
 Compressed Oops: Enabled (32-bit)
 Heap Region Size: 1M
 Heap Min Capacity: 8M
 Heap Initial Capacity: 120M
 Heap Max Capacity: 2G
 Pre-touch: Disabled
 Parallel Workers: 2
 Concurrent Workers: 1
 Concurrent Refinement Workers: 2
 Periodic GC: Disabled
Heap:
 garbage-first heap   total 505856K, used 298390K [0x0000000080000000, 0x0000000100000000)
  region size 1024K, 3 young (3072K), 3 survivors (3072K)
 Metaspace       used 135422K, committed 136384K, reserved 1179648K
  class space    used 17903K, committed 18368K, reserved 1048576K
GC Heap History (20 events):
Event: 154.096 GC heap after
{Heap after GC invocations=67 (full 0):
 garbage-first heap   total 381952K, used 159340K [0x0000000080000000, 0x0000000100000000)
  region size 1024K, 12 young (12288K), 12 survivors (12288K)
 Metaspace       used 125895K, committed 126784K, reserved 1179648K
  class space    used 16455K, committed 16896K, reserved 1048576K
}
Event: 154.278 GC heap before
{Heap before GC invocations=67 (full 0):
 garbage-first heap   total 381952K, used 164460K [0x0000000080000000, 0x0000000100000000)
  region size 1024K, 18 young (18432K), 12 survivors (12288K)
 Metaspace       used 125908K, committed 126784K, reserved 1179648K
  class space    used 16455K, committed 16896K, reserved 1048576K
}
Event: 154.337 GC heap after
{Heap after GC invocations=68 (full 0):
 garbage-first heap   total 381952K, used 138915K [0x0000000080000000, 0x0000000100000000)
  region size 1024K, 2 young (2048K), 2 survivors (2048K)
 Metaspace       used 125908K, committed 126784K, reserved 1179648K
  class space    used 16455K, committed 16896K, reserved 1048576K
}
Event: 162.794 GC heap before
{Heap before GC invocations=68 (full 0):
 garbage-first heap   total 381952K, used 278179K [0x0000000080000000, 0x0000000100000000)
  region size 1024K, 138 young (141312K), 2 survivors (2048K)
 Metaspace       used 128679K, committed 129664K, reserved 1179648K
  class space    used 16774K, committed 17280K, reserved 1048576K
}
Event: 162.837 GC heap after
{Heap after GC invocations=69 (full 0):
 garbage-first heap   total 381952K, used 147291K [0x0000000080000000, 0x0000000100000000)
  region size 1024K, 10 young (10240K), 10 survivors (10240K)
 Metaspace       used 128679K, committed 129664K, reserved 1179648K
  class space    used 16774K, committed 17280K, reserved 1048576K
}
Event: 170.993 GC heap before
{Heap before GC invocations=69 (full 0):
 garbage-first heap   total 381952K, used 247643K [0x0000000080000000, 0x0000000100000000)
  region size 1024K, 110 young (112640K), 10 survivors (10240K)
 Metaspace       used 129109K, committed 129984K, reserved 1179648K
  class space    used 16828K, committed 17280K, reserved 1048576K
}
Event: 171.058 GC heap after
{Heap after GC invocations=70 (full 0):
 garbage-first heap   total 381952K, used 150179K [0x0000000080000000, 0x0000000100000000)
  region size 1024K, 13 young (13312K), 13 survivors (13312K)
 Metaspace       used 129109K, committed 129984K, reserved 1179648K
  class space    used 16828K, committed 17280K, reserved 1048576K
}
Event: 175.165 GC heap before
{Heap before GC invocations=71 (full 0):
 garbage-first heap   total 381952K, used 353955K [0x0000000080000000, 0x0000000100000000)
  region size 1024K, 105 young (107520K), 13 survivors (13312K)
 Metaspace       used 132673K, committed 133632K, reserved 1179648K
  class space    used 17356K, committed 17856K, reserved 1048576K
}
Event: 175.350 GC heap after
{Heap after GC invocations=72 (full 0):
 garbage-first heap   total 401408K, used 243691K [0x0000000080000000, 0x0000000100000000)
  region size 1024K, 21 young (21504K), 21 survivors (21504K)
 Metaspace       used 132673K, committed 133632K, reserved 1179648K
  class space    used 17356K, committed 17856K, reserved 1048576K
}
Event: 175.385 GC heap before
{Heap before GC invocations=72 (full 0):
 garbage-first heap   total 401408K, used 244715K [0x0000000080000000, 0x0000000100000000)
  region size 1024K, 22 young (22528K), 21 survivors (21504K)
 Metaspace       used 132673K, committed 133632K, reserved 1179648K
  class space    used 17356K, committed 17856K, reserved 1048576K
}
Event: 175.488 GC heap after
{Heap after GC invocations=73 (full 0):
 garbage-first heap   total 470016K, used 240236K [0x0000000080000000, 0x0000000100000000)
  region size 1024K, 1 young (1024K), 1 survivors (1024K)
 Metaspace       used 132673K, committed 133632K, reserved 1179648K
  class space    used 17356K, committed 17856K, reserved 1048576K
}
Event: 177.879 GC heap before
{Heap before GC invocations=73 (full 0):
 garbage-first heap   total 470016K, used 356972K [0x0000000080000000, 0x0000000100000000)
  region size 1024K, 109 young (111616K), 1 survivors (1024K)
 Metaspace       used 132902K, committed 133888K, reserved 1179648K
  class space    used 17380K, committed 17856K, reserved 1048576K
}
Event: 178.156 GC heap after
{Heap after GC invocations=74 (full 0):
 garbage-first heap   total 470016K, used 287340K [0x0000000080000000, 0x0000000100000000)
  region size 1024K, 14 young (14336K), 14 survivors (14336K)
 Metaspace       used 132902K, committed 133888K, reserved 1179648K
  class space    used 17380K, committed 17856K, reserved 1048576K
}
Event: 178.404 GC heap before
{Heap before GC invocations=74 (full 0):
 garbage-first heap   total 470016K, used 294508K [0x0000000080000000, 0x0000000100000000)
  region size 1024K, 22 young (22528K), 14 survivors (14336K)
 Metaspace       used 132944K, committed 133888K, reserved 1179648K
  class space    used 17380K, committed 17856K, reserved 1048576K
}
Event: 178.564 GC heap after
{Heap after GC invocations=75 (full 0):
 garbage-first heap   total 470016K, used 290412K [0x0000000080000000, 0x0000000100000000)
  region size 1024K, 3 young (3072K), 3 survivors (3072K)
 Metaspace       used 132944K, committed 133888K, reserved 1179648K
  class space    used 17380K, committed 17856K, reserved 1048576K
}
Event: 179.004 GC heap before
{Heap before GC invocations=75 (full 0):
 garbage-first heap   total 470016K, used 308844K [0x0000000080000000, 0x0000000100000000)
  region size 1024K, 22 young (22528K), 3 survivors (3072K)
 Metaspace       used 132960K, committed 133888K, reserved 1179648K
  class space    used 17380K, committed 17856K, reserved 1048576K
}
Event: 179.090 GC heap after
{Heap after GC invocations=76 (full 0):
 garbage-first heap   total 470016K, used 295020K [0x0000000080000000, 0x0000000100000000)
  region size 1024K, 3 young (3072K), 3 survivors (3072K)
 Metaspace       used 132960K, committed 133888K, reserved 1179648K
  class space    used 17380K, committed 17856K, reserved 1048576K
}
Event: 181.233 GC heap before
{Heap before GC invocations=77 (full 0):
 garbage-first heap   total 505856K, used 312428K [0x0000000080000000, 0x0000000100000000)
  region size 1024K, 22 young (22528K), 3 survivors (3072K)
 Metaspace       used 134453K, committed 135424K, reserved 1179648K
  class space    used 17749K, committed 18240K, reserved 1048576K
}
Event: 181.288 GC heap after
{Heap after GC invocations=78 (full 0):
 garbage-first heap   total 505856K, used 294508K [0x0000000080000000, 0x0000000100000000)
  region size 1024K, 1 young (1024K), 1 survivors (1024K)
 Metaspace       used 134453K, committed 135424K, reserved 1179648K
  class space    used 17749K, committed 18240K, reserved 1048576K
}
Event: 182.708 GC heap before
{Heap before GC invocations=78 (full 0):
 garbage-first heap   total 505856K, used 318060K [0x0000000080000000, 0x0000000100000000)
  region size 1024K, 24 young (24576K), 1 survivors (1024K)
 Metaspace       used 135422K, committed 136384K, reserved 1179648K
  class space    used 17903K, committed 18368K, reserved 1048576K
}

