# JRE version: OpenJDK Runtime Environment (17.0.11) (build 17.0.11+0--11852314)
# Java VM: OpenJDK 64-Bit Server VM (17.0.11+0--11852314, mixed mode, tiered, compressed oops, compressed class ptrs, g1 gc, windows-amd64)
GC Precious Log:
 CPUs: 2 total, 2 available
 Memory: 7645M
 Large Page Support: Disabled
 NUMA Support: Disabled
 Compressed Oops: Enabled (32-bit)
 Heap Region Size: 1M
 Heap Min Capacity: 8M
 Heap Initial Capacity: 120M
 Heap Max Capacity: 2G
 Pre-touch: Disabled
 Parallel Workers: 2
 Concurrent Workers: 1
 Concurrent Refinement Workers: 2
 Periodic GC: Disabled
Heap:
 garbage-first heap   total 581632K, used 283845K [0x0000000080000000, 0x0000000100000000)
  region size 1024K, 4 young (4096K), 4 survivors (4096K)
 Metaspace       used 120730K, committed 121536K, reserved 1179648K
  class space    used 16619K, committed 17024K, reserved 1048576K
GC Heap History (20 events):
Event: 77.601 GC heap after
{Heap after GC invocations=45 (full 0):
 garbage-first heap   total 268288K, used 126893K [0x0000000080000000, 0x0000000100000000)
  region size 1024K, 9 young (9216K), 9 survivors (9216K)
 Metaspace       used 114368K, committed 115200K, reserved 1179648K
  class space    used 15510K, committed 15936K, reserved 1048576K
}
Event: 81.226 GC heap before
{Heap before GC invocations=45 (full 0):
 garbage-first heap   total 268288K, used 217005K [0x0000000080000000, 0x0000000100000000)
  region size 1024K, 67 young (68608K), 9 survivors (9216K)
 Metaspace       used 116339K, committed 117120K, reserved 1179648K
  class space    used 15786K, committed 16192K, reserved 1048576K
}
Event: 81.269 GC heap after
{Heap after GC invocations=46 (full 0):
 garbage-first heap   total 268288K, used 172126K [0x0000000080000000, 0x0000000100000000)
  region size 1024K, 13 young (13312K), 13 survivors (13312K)
 Metaspace       used 116339K, committed 117120K, reserved 1179648K
  class space    used 15786K, committed 16192K, reserved 1048576K
}
Event: 82.796 GC heap before
{Heap before GC invocations=47 (full 0):
 garbage-first heap   total 290816K, used 264286K [0x0000000080000000, 0x0000000100000000)
  region size 1024K, 54 young (55296K), 13 survivors (13312K)
 Metaspace       used 117899K, committed 118720K, reserved 1179648K
  class space    used 16052K, committed 16448K, reserved 1048576K
}
Event: 82.825 GC heap after
{Heap after GC invocations=48 (full 0):
 garbage-first heap   total 290816K, used 204485K [0x0000000080000000, 0x0000000100000000)
  region size 1024K, 7 young (7168K), 7 survivors (7168K)
 Metaspace       used 117899K, committed 118720K, reserved 1179648K
  class space    used 16052K, committed 16448K, reserved 1048576K
}
Event: 82.857 GC heap before
{Heap before GC invocations=48 (full 0):
 garbage-first heap   total 290816K, used 238277K [0x0000000080000000, 0x0000000100000000)
  region size 1024K, 14 young (14336K), 7 survivors (7168K)
 Metaspace       used 117903K, committed 118720K, reserved 1179648K
  class space    used 16052K, committed 16448K, reserved 1048576K
}
Event: 82.868 GC heap after
{Heap after GC invocations=49 (full 0):
 garbage-first heap   total 290816K, used 214213K [0x0000000080000000, 0x0000000100000000)
  region size 1024K, 2 young (2048K), 2 survivors (2048K)
 Metaspace       used 117903K, committed 118720K, reserved 1179648K
  class space    used 16052K, committed 16448K, reserved 1048576K
}
Event: 83.922 GC heap before
{Heap before GC invocations=49 (full 0):
 garbage-first heap   total 290816K, used 239813K [0x0000000080000000, 0x0000000100000000)
  region size 1024K, 26 young (26624K), 2 survivors (2048K)
 Metaspace       used 118184K, committed 118976K, reserved 1179648K
  class space    used 16093K, committed 16448K, reserved 1048576K
}
Event: 83.969 GC heap after
{Heap after GC invocations=50 (full 0):
 garbage-first heap   total 290816K, used 225325K [0x0000000080000000, 0x0000000100000000)
  region size 1024K, 4 young (4096K), 4 survivors (4096K)
 Metaspace       used 118184K, committed 118976K, reserved 1179648K
  class space    used 16093K, committed 16448K, reserved 1048576K
}
Event: 84.535 GC heap before
{Heap before GC invocations=50 (full 0):
 garbage-first heap   total 290816K, used 243757K [0x0000000080000000, 0x0000000100000000)
  region size 1024K, 21 young (21504K), 4 survivors (4096K)
 Metaspace       used 118184K, committed 118976K, reserved 1179648K
  class space    used 16093K, committed 16448K, reserved 1048576K
}
Event: 84.617 GC heap after
{Heap after GC invocations=51 (full 0):
 garbage-first heap   total 290816K, used 234693K [0x0000000080000000, 0x0000000100000000)
  region size 1024K, 3 young (3072K), 3 survivors (3072K)
 Metaspace       used 118184K, committed 118976K, reserved 1179648K
  class space    used 16093K, committed 16448K, reserved 1048576K
}
Event: 84.835 GC heap before
{Heap before GC invocations=51 (full 0):
 garbage-first heap   total 290816K, used 246981K [0x0000000080000000, 0x0000000100000000)
  region size 1024K, 15 young (15360K), 3 survivors (3072K)
 Metaspace       used 118184K, committed 118976K, reserved 1179648K
  class space    used 16093K, committed 16448K, reserved 1048576K
}
Event: 84.899 GC heap after
{Heap after GC invocations=52 (full 0):
 garbage-first heap   total 581632K, used 240325K [0x0000000080000000, 0x0000000100000000)
  region size 1024K, 2 young (2048K), 2 survivors (2048K)
 Metaspace       used 118184K, committed 118976K, reserved 1179648K
  class space    used 16093K, committed 16448K, reserved 1048576K
}
Event: 86.177 GC heap before
{Heap before GC invocations=52 (full 0):
 garbage-first heap   total 581632K, used 286405K [0x0000000080000000, 0x0000000100000000)
  region size 1024K, 43 young (44032K), 2 survivors (2048K)
 Metaspace       used 118184K, committed 118976K, reserved 1179648K
  class space    used 16093K, committed 16448K, reserved 1048576K
}
Event: 86.319 GC heap after
{Heap after GC invocations=53 (full 0):
 garbage-first heap   total 581632K, used 261829K [0x0000000080000000, 0x0000000100000000)
  region size 1024K, 6 young (6144K), 6 survivors (6144K)
 Metaspace       used 118184K, committed 118976K, reserved 1179648K
  class space    used 16093K, committed 16448K, reserved 1048576K
}
Event: 86.623 GC heap before
{Heap before GC invocations=53 (full 0):
 garbage-first heap   total 581632K, used 285381K [0x0000000080000000, 0x0000000100000000)
  region size 1024K, 29 young (29696K), 6 survivors (6144K)
 Metaspace       used 118194K, committed 118976K, reserved 1179648K
  class space    used 16093K, committed 16448K, reserved 1048576K
}
Event: 86.729 GC heap after
{Heap after GC invocations=54 (full 0):
 garbage-first heap   total 581632K, used 272581K [0x0000000080000000, 0x0000000100000000)
  region size 1024K, 4 young (4096K), 4 survivors (4096K)
 Metaspace       used 118194K, committed 118976K, reserved 1179648K
  class space    used 16093K, committed 16448K, reserved 1048576K
}
Event: 88.211 GC heap before
{Heap before GC invocations=54 (full 0):
 garbage-first heap   total 581632K, used 296133K [0x0000000080000000, 0x0000000100000000)
  region size 1024K, 28 young (28672K), 4 survivors (4096K)
 Metaspace       used 119348K, committed 120192K, reserved 1179648K
  class space    used 16259K, committed 16640K, reserved 1048576K
}
Event: 88.334 GC heap after
{Heap after GC invocations=55 (full 0):
 garbage-first heap   total 581632K, used 279749K [0x0000000080000000, 0x0000000100000000)
  region size 1024K, 4 young (4096K), 4 survivors (4096K)
 Metaspace       used 119348K, committed 120192K, reserved 1179648K
  class space    used 16259K, committed 16640K, reserved 1048576K
}
Event: 89.961 GC heap before
{Heap before GC invocations=55 (full 0):
 garbage-first heap   total 581632K, used 304325K [0x0000000080000000, 0x0000000100000000)
  region size 1024K, 28 young (28672K), 4 survivors (4096K)
 Metaspace       used 120730K, committed 121536K, reserved 1179648K
  class space    used 16619K, committed 17024K, reserved 1048576K
}

