# JRE version: OpenJDK Runtime Environment (17.0.11) (build 17.0.11+0--11852314)
# Java VM: OpenJDK 64-Bit Server VM (17.0.11+0--11852314, mixed mode, tiered, compressed oops, compressed class ptrs, g1 gc, windows-amd64)
GC Precious Log:
 CPUs: 2 total, 2 available
 Memory: 7645M
 Large Page Support: Disabled
 NUMA Support: Disabled
 Compressed Oops: Enabled (32-bit)
 Heap Region Size: 1M
 Heap Min Capacity: 8M
 Heap Initial Capacity: 120M
 Heap Max Capacity: 2G
 Pre-touch: Disabled
 Parallel Workers: 2
 Concurrent Workers: 1
 Concurrent Refinement Workers: 2
 Periodic GC: Disabled
Heap:
 garbage-first heap   total 401408K, used 248320K [0x0000000080000000, 0x0000000100000000)
  region size 1024K, 3 young (3072K), 3 survivors (3072K)
 Metaspace       used 115699K, committed 116544K, reserved 1179648K
  class space    used 15820K, committed 16192K, reserved 1048576K
GC Heap History (20 events):
Event: 107.992 GC heap after
{Heap after GC invocations=58 (full 0):
 garbage-first heap   total 235520K, used 125792K [0x0000000080000000, 0x0000000100000000)
  region size 1024K, 6 young (6144K), 6 survivors (6144K)
 Metaspace       used 109552K, committed 110272K, reserved 1179648K
  class space    used 14895K, committed 15232K, reserved 1048576K
}
Event: 111.924 GC heap before
{Heap before GC invocations=58 (full 0):
 garbage-first heap   total 235520K, used 188256K [0x0000000080000000, 0x0000000100000000)
  region size 1024K, 68 young (69632K), 6 survivors (6144K)
 Metaspace       used 110930K, committed 111744K, reserved 1179648K
  class space    used 15109K, committed 15488K, reserved 1048576K
}
Event: 111.971 GC heap after
{Heap after GC invocations=59 (full 0):
 garbage-first heap   total 235520K, used 128223K [0x0000000080000000, 0x0000000100000000)
  region size 1024K, 5 young (5120K), 5 survivors (5120K)
 Metaspace       used 110930K, committed 111744K, reserved 1179648K
  class space    used 15109K, committed 15488K, reserved 1048576K
}
Event: 117.204 GC heap before
{Heap before GC invocations=59 (full 0):
 garbage-first heap   total 235520K, used 191711K [0x0000000080000000, 0x0000000100000000)
  region size 1024K, 68 young (69632K), 5 survivors (5120K)
 Metaspace       used 110986K, committed 111808K, reserved 1179648K
  class space    used 15114K, committed 15488K, reserved 1048576K
}
Event: 117.236 GC heap after
{Heap after GC invocations=60 (full 0):
 garbage-first heap   total 235520K, used 129796K [0x0000000080000000, 0x0000000100000000)
  region size 1024K, 6 young (6144K), 6 survivors (6144K)
 Metaspace       used 110986K, committed 111808K, reserved 1179648K
  class space    used 15114K, committed 15488K, reserved 1048576K
}
Event: 122.894 GC heap before
{Heap before GC invocations=60 (full 0):
 garbage-first heap   total 235520K, used 175876K [0x0000000080000000, 0x0000000100000000)
  region size 1024K, 30 young (30720K), 6 survivors (6144K)
 Metaspace       used 112131K, committed 112960K, reserved 1179648K
  class space    used 15294K, committed 15680K, reserved 1048576K
}
Event: 122.957 GC heap after
{Heap after GC invocations=61 (full 0):
 garbage-first heap   total 235520K, used 163201K [0x0000000080000000, 0x0000000100000000)
  region size 1024K, 9 young (9216K), 9 survivors (9216K)
 Metaspace       used 112131K, committed 112960K, reserved 1179648K
  class space    used 15294K, committed 15680K, reserved 1048576K
}
Event: 128.460 GC heap before
{Heap before GC invocations=62 (full 0):
 garbage-first heap   total 288768K, used 196993K [0x0000000080000000, 0x0000000100000000)
  region size 1024K, 34 young (34816K), 9 survivors (9216K)
 Metaspace       used 115017K, committed 115904K, reserved 1179648K
  class space    used 15716K, committed 16128K, reserved 1048576K
}
Event: 128.486 GC heap after
{Heap after GC invocations=63 (full 0):
 garbage-first heap   total 288768K, used 176596K [0x0000000080000000, 0x0000000100000000)
  region size 1024K, 3 young (3072K), 3 survivors (3072K)
 Metaspace       used 115017K, committed 115904K, reserved 1179648K
  class space    used 15716K, committed 16128K, reserved 1048576K
}
Event: 128.668 GC heap before
{Heap before GC invocations=63 (full 0):
 garbage-first heap   total 288768K, used 208340K [0x0000000080000000, 0x0000000100000000)
  region size 1024K, 14 young (14336K), 3 survivors (3072K)
 Metaspace       used 115391K, committed 116288K, reserved 1179648K
  class space    used 15777K, committed 16192K, reserved 1048576K
}
Event: 128.684 GC heap after
{Heap after GC invocations=64 (full 0):
 garbage-first heap   total 288768K, used 185499K [0x0000000080000000, 0x0000000100000000)
  region size 1024K, 2 young (2048K), 2 survivors (2048K)
 Metaspace       used 115391K, committed 116288K, reserved 1179648K
  class space    used 15777K, committed 16192K, reserved 1048576K
}
Event: 128.994 GC heap before
{Heap before GC invocations=64 (full 0):
 garbage-first heap   total 288768K, used 273563K [0x0000000080000000, 0x0000000100000000)
  region size 1024K, 31 young (31744K), 2 survivors (2048K)
 Metaspace       used 115585K, committed 116416K, reserved 1179648K
  class space    used 15816K, committed 16192K, reserved 1048576K
}
Event: 129.015 GC heap after
{Heap after GC invocations=65 (full 0):
 garbage-first heap   total 288768K, used 220144K [0x0000000080000000, 0x0000000100000000)
  region size 1024K, 6 young (6144K), 6 survivors (6144K)
 Metaspace       used 115585K, committed 116416K, reserved 1179648K
  class space    used 15816K, committed 16192K, reserved 1048576K
}
Event: 130.728 GC heap before
{Heap before GC invocations=65 (full 0):
 garbage-first heap   total 288768K, used 241648K [0x0000000080000000, 0x0000000100000000)
  region size 1024K, 28 young (28672K), 6 survivors (6144K)
 Metaspace       used 115679K, committed 116544K, reserved 1179648K
  class space    used 15819K, committed 16192K, reserved 1048576K
}
Event: 130.796 GC heap after
{Heap after GC invocations=66 (full 0):
 garbage-first heap   total 288768K, used 230400K [0x0000000080000000, 0x0000000100000000)
  region size 1024K, 4 young (4096K), 4 survivors (4096K)
 Metaspace       used 115679K, committed 116544K, reserved 1179648K
  class space    used 15819K, committed 16192K, reserved 1048576K
}
Event: 132.257 GC heap before
{Heap before GC invocations=66 (full 0):
 garbage-first heap   total 288768K, used 239616K [0x0000000080000000, 0x0000000100000000)
  region size 1024K, 14 young (14336K), 4 survivors (4096K)
 Metaspace       used 115680K, committed 116544K, reserved 1179648K
  class space    used 15819K, committed 16192K, reserved 1048576K
}
Event: 132.336 GC heap after
{Heap after GC invocations=67 (full 0):
 garbage-first heap   total 288768K, used 234954K [0x0000000080000000, 0x0000000100000000)
  region size 1024K, 3 young (3072K), 3 survivors (3072K)
 Metaspace       used 115680K, committed 116544K, reserved 1179648K
  class space    used 15819K, committed 16192K, reserved 1048576K
}
Event: 133.519 GC heap before
{Heap before GC invocations=68 (full 0):
 garbage-first heap   total 401408K, used 253386K [0x0000000080000000, 0x0000000100000000)
  region size 1024K, 19 young (19456K), 3 survivors (3072K)
 Metaspace       used 115680K, committed 116544K, reserved 1179648K
  class space    used 15819K, committed 16192K, reserved 1048576K
}
Event: 133.593 GC heap after
{Heap after GC invocations=69 (full 0):
 garbage-first heap   total 401408K, used 243682K [0x0000000080000000, 0x0000000100000000)
  region size 1024K, 3 young (3072K), 3 survivors (3072K)
 Metaspace       used 115680K, committed 116544K, reserved 1179648K
  class space    used 15819K, committed 16192K, reserved 1048576K
}
Event: 133.878 GC heap before
{Heap before GC invocations=69 (full 0):
 garbage-first heap   total 401408K, used 260066K [0x0000000080000000, 0x0000000100000000)
  region size 1024K, 19 young (19456K), 3 survivors (3072K)
 Metaspace       used 115699K, committed 116544K, reserved 1179648K
  class space    used 15820K, committed 16192K, reserved 1048576K
}

