# JRE version: OpenJDK Runtime Environment (17.0.11) (build 17.0.11+0--11852314)
# Java VM: OpenJDK 64-Bit Server VM (17.0.11+0--11852314, mixed mode, tiered, compressed oops, compressed class ptrs, g1 gc, windows-amd64)
GC Precious Log:
 CPUs: 2 total, 2 available
 Memory: 7645M
 Large Page Support: Disabled
 NUMA Support: Disabled
 Compressed Oops: Enabled (32-bit)
 Heap Region Size: 1M
 Heap Min Capacity: 8M
 Heap Initial Capacity: 120M
 Heap Max Capacity: 1912M
 Pre-touch: Disabled
 Parallel Workers: 2
 Concurrent Workers: 1
 Concurrent Refinement Workers: 2
 Periodic GC: Disabled
Heap:
 garbage-first heap   total 161792K, used 51121K [0x0000000088800000, 0x0000000100000000)
  region size 1024K, 6 young (6144K), 1 survivors (1024K)
 Metaspace       used 61210K, committed 61504K, reserved 1114112K
  class space    used 7042K, committed 7168K, reserved 1048576K
GC Heap History (20 events):
Event: 29.017 GC heap before
{Heap before GC invocations=16 (full 0):
 garbage-first heap   total 61440K, used 47768K [0x0000000088800000, 0x0000000100000000)
  region size 1024K, 19 young (19456K), 3 survivors (3072K)
 Metaspace       used 50723K, committed 51008K, reserved 1114112K
  class space    used 6011K, committed 6144K, reserved 1048576K
}
Event: 29.071 GC heap after
{Heap after GC invocations=17 (full 0):
 garbage-first heap   total 61440K, used 34538K [0x0000000088800000, 0x0000000100000000)
  region size 1024K, 3 young (3072K), 3 survivors (3072K)
 Metaspace       used 50723K, committed 51008K, reserved 1114112K
  class space    used 6011K, committed 6144K, reserved 1048576K
}
Event: 30.843 GC heap before
{Heap before GC invocations=18 (full 0):
 garbage-first heap   total 61440K, used 47850K [0x0000000088800000, 0x0000000100000000)
  region size 1024K, 16 young (16384K), 3 survivors (3072K)
 Metaspace       used 50778K, committed 51072K, reserved 1114112K
  class space    used 6015K, committed 6144K, reserved 1048576K
}
Event: 30.900 GC heap after
{Heap after GC invocations=19 (full 0):
 garbage-first heap   total 61440K, used 37102K [0x0000000088800000, 0x0000000100000000)
  region size 1024K, 2 young (2048K), 2 survivors (2048K)
 Metaspace       used 50778K, committed 51072K, reserved 1114112K
  class space    used 6015K, committed 6144K, reserved 1048576K
}
Event: 32.442 GC heap before
{Heap before GC invocations=19 (full 0):
 garbage-first heap   total 61440K, used 48366K [0x0000000088800000, 0x0000000100000000)
  region size 1024K, 13 young (13312K), 2 survivors (2048K)
 Metaspace       used 51204K, committed 51456K, reserved 1114112K
  class space    used 6052K, committed 6144K, reserved 1048576K
}
Event: 32.497 GC heap after
{Heap after GC invocations=20 (full 0):
 garbage-first heap   total 73728K, used 39561K [0x0000000088800000, 0x0000000100000000)
  region size 1024K, 2 young (2048K), 2 survivors (2048K)
 Metaspace       used 51204K, committed 51456K, reserved 1114112K
  class space    used 6052K, committed 6144K, reserved 1048576K
}
Event: 34.230 GC heap before
{Heap before GC invocations=21 (full 0):
 garbage-first heap   total 73728K, used 54921K [0x0000000088800000, 0x0000000100000000)
  region size 1024K, 18 young (18432K), 2 survivors (2048K)
 Metaspace       used 53485K, committed 53696K, reserved 1114112K
  class space    used 6317K, committed 6400K, reserved 1048576K
}
Event: 34.252 GC heap after
{Heap after GC invocations=22 (full 0):
 garbage-first heap   total 73728K, used 40403K [0x0000000088800000, 0x0000000100000000)
  region size 1024K, 1 young (1024K), 1 survivors (1024K)
 Metaspace       used 53485K, committed 53696K, reserved 1114112K
  class space    used 6317K, committed 6400K, reserved 1048576K
}
Event: 35.814 GC heap before
{Heap before GC invocations=22 (full 0):
 garbage-first heap   total 73728K, used 57811K [0x0000000088800000, 0x0000000100000000)
  region size 1024K, 18 young (18432K), 1 survivors (1024K)
 Metaspace       used 54692K, committed 54976K, reserved 1114112K
  class space    used 6462K, committed 6592K, reserved 1048576K
}
Event: 35.835 GC heap after
{Heap after GC invocations=23 (full 0):
 garbage-first heap   total 73728K, used 42197K [0x0000000088800000, 0x0000000100000000)
  region size 1024K, 3 young (3072K), 3 survivors (3072K)
 Metaspace       used 54692K, committed 54976K, reserved 1114112K
  class space    used 6462K, committed 6592K, reserved 1048576K
}
Event: 40.790 GC heap before
{Heap before GC invocations=24 (full 0):
 garbage-first heap   total 73728K, used 58581K [0x0000000088800000, 0x0000000100000000)
  region size 1024K, 18 young (18432K), 3 survivors (3072K)
 Metaspace       used 55899K, committed 56128K, reserved 1114112K
  class space    used 6554K, committed 6656K, reserved 1048576K
}
Event: 40.843 GC heap after
{Heap after GC invocations=25 (full 0):
 garbage-first heap   total 73728K, used 46158K [0x0000000088800000, 0x0000000100000000)
  region size 1024K, 3 young (3072K), 3 survivors (3072K)
 Metaspace       used 55899K, committed 56128K, reserved 1114112K
  class space    used 6554K, committed 6656K, reserved 1048576K
}
Event: 40.894 GC heap before
{Heap before GC invocations=25 (full 0):
 garbage-first heap   total 73728K, used 47182K [0x0000000088800000, 0x0000000100000000)
  region size 1024K, 4 young (4096K), 3 survivors (3072K)
 Metaspace       used 55909K, committed 56128K, reserved 1114112K
  class space    used 6554K, committed 6656K, reserved 1048576K
}
Event: 40.927 GC heap after
{Heap after GC invocations=26 (full 0):
 garbage-first heap   total 73728K, used 46329K [0x0000000088800000, 0x0000000100000000)
  region size 1024K, 1 young (1024K), 1 survivors (1024K)
 Metaspace       used 55909K, committed 56128K, reserved 1114112K
  class space    used 6554K, committed 6656K, reserved 1048576K
}
Event: 44.736 GC heap before
{Heap before GC invocations=26 (full 0):
 garbage-first heap   total 73728K, used 58617K [0x0000000088800000, 0x0000000100000000)
  region size 1024K, 13 young (13312K), 1 survivors (1024K)
 Metaspace       used 57613K, committed 57856K, reserved 1114112K
  class space    used 6708K, committed 6784K, reserved 1048576K
}
Event: 44.754 GC heap after
{Heap after GC invocations=27 (full 0):
 garbage-first heap   total 73728K, used 47468K [0x0000000088800000, 0x0000000100000000)
  region size 1024K, 2 young (2048K), 2 survivors (2048K)
 Metaspace       used 57613K, committed 57856K, reserved 1114112K
  class space    used 6708K, committed 6784K, reserved 1048576K
}
Event: 46.576 GC heap before
{Heap before GC invocations=28 (full 0):
 garbage-first heap   total 80896K, used 56684K [0x0000000088800000, 0x0000000100000000)
  region size 1024K, 13 young (13312K), 2 survivors (2048K)
 Metaspace       used 59956K, committed 60224K, reserved 1114112K
  class space    used 6928K, committed 7040K, reserved 1048576K
}
Event: 46.601 GC heap after
{Heap after GC invocations=29 (full 0):
 garbage-first heap   total 80896K, used 47325K [0x0000000088800000, 0x0000000100000000)
  region size 1024K, 1 young (1024K), 1 survivors (1024K)
 Metaspace       used 59956K, committed 60224K, reserved 1114112K
  class space    used 6928K, committed 7040K, reserved 1048576K
}
Event: 46.723 GC heap before
{Heap before GC invocations=29 (full 0):
 garbage-first heap   total 80896K, used 49373K [0x0000000088800000, 0x0000000100000000)
  region size 1024K, 3 young (3072K), 1 survivors (1024K)
 Metaspace       used 60503K, committed 60800K, reserved 1114112K
  class space    used 6974K, committed 7104K, reserved 1048576K
}
Event: 46.745 GC heap after
{Heap after GC invocations=30 (full 0):
 garbage-first heap   total 161792K, used 47025K [0x0000000088800000, 0x0000000100000000)
  region size 1024K, 1 young (1024K), 1 survivors (1024K)
 Metaspace       used 60503K, committed 60800K, reserved 1114112K
  class space    used 6974K, committed 7104K, reserved 1048576K
}

