# JRE version: OpenJDK Runtime Environment (17.0.11) (build 17.0.11+0--11852314)
# Java VM: OpenJDK 64-Bit Server VM (17.0.11+0--11852314, mixed mode, tiered, compressed oops, compressed class ptrs, g1 gc, windows-amd64)
GC Precious Log:
 CPUs: 2 total, 2 available
 Memory: 7645M
 Large Page Support: Disabled
 NUMA Support: Disabled
 Compressed Oops: Enabled (32-bit)
 Heap Region Size: 1M
 Heap Min Capacity: 8M
 Heap Initial Capacity: 120M
 Heap Max Capacity: 1912M
 Pre-touch: Disabled
 Parallel Workers: 2
 Concurrent Workers: 1
 Concurrent Refinement Workers: 2
 Periodic GC: Disabled
Heap:
 garbage-first heap   total 122880K, used 55137K [0x0000000088800000, 0x0000000100000000)
  region size 1024K, 1 young (1024K), 1 survivors (1024K)
 Metaspace       used 72163K, committed 72448K, reserved 1114112K
  class space    used 8175K, committed 8320K, reserved 1048576K
GC Heap History (20 events):
Event: 20.544 GC heap after
{Heap after GC invocations=35 (full 0):
 garbage-first heap   total 70656K, used 40629K [0x0000000088800000, 0x0000000100000000)
  region size 1024K, 2 young (2048K), 2 survivors (2048K)
 Metaspace       used 53824K, committed 54016K, reserved 1114112K
  class space    used 6358K, committed 6464K, reserved 1048576K
}
Event: 23.101 GC heap before
{Heap before GC invocations=35 (full 0):
 garbage-first heap   total 70656K, used 55989K [0x0000000088800000, 0x0000000100000000)
  region size 1024K, 17 young (17408K), 2 survivors (2048K)
 Metaspace       used 55517K, committed 55808K, reserved 1114112K
  class space    used 6521K, committed 6656K, reserved 1048576K
}
Event: 23.118 GC heap after
{Heap after GC invocations=36 (full 0):
 garbage-first heap   total 84992K, used 42402K [0x0000000088800000, 0x0000000100000000)
  region size 1024K, 3 young (3072K), 3 survivors (3072K)
 Metaspace       used 55517K, committed 55808K, reserved 1114112K
  class space    used 6521K, committed 6656K, reserved 1048576K
}
Event: 24.349 GC heap before
{Heap before GC invocations=37 (full 0):
 garbage-first heap   total 84992K, used 48546K [0x0000000088800000, 0x0000000100000000)
  region size 1024K, 10 young (10240K), 3 survivors (3072K)
 Metaspace       used 55915K, committed 56192K, reserved 1114112K
  class space    used 6554K, committed 6656K, reserved 1048576K
}
Event: 24.378 GC heap after
{Heap after GC invocations=38 (full 0):
 garbage-first heap   total 84992K, used 44164K [0x0000000088800000, 0x0000000100000000)
  region size 1024K, 4 young (4096K), 4 survivors (4096K)
 Metaspace       used 55915K, committed 56192K, reserved 1114112K
  class space    used 6554K, committed 6656K, reserved 1048576K
}
Event: 28.464 GC heap before
{Heap before GC invocations=39 (full 0):
 garbage-first heap   total 84992K, used 64644K [0x0000000088800000, 0x0000000100000000)
  region size 1024K, 23 young (23552K), 4 survivors (4096K)
 Metaspace       used 58302K, committed 58496K, reserved 1114112K
  class space    used 6773K, committed 6848K, reserved 1048576K
}
Event: 28.496 GC heap after
{Heap after GC invocations=40 (full 0):
 garbage-first heap   total 84992K, used 45938K [0x0000000088800000, 0x0000000100000000)
  region size 1024K, 3 young (3072K), 3 survivors (3072K)
 Metaspace       used 58302K, committed 58496K, reserved 1114112K
  class space    used 6773K, committed 6848K, reserved 1048576K
}
Event: 31.104 GC heap before
{Heap before GC invocations=40 (full 0):
 garbage-first heap   total 84992K, used 64370K [0x0000000088800000, 0x0000000100000000)
  region size 1024K, 22 young (22528K), 3 survivors (3072K)
 Metaspace       used 61837K, committed 62080K, reserved 1114112K
  class space    used 7107K, committed 7232K, reserved 1048576K
}
Event: 31.134 GC heap after
{Heap after GC invocations=41 (full 0):
 garbage-first heap   total 84992K, used 47976K [0x0000000088800000, 0x0000000100000000)
  region size 1024K, 2 young (2048K), 2 survivors (2048K)
 Metaspace       used 61837K, committed 62080K, reserved 1114112K
  class space    used 7107K, committed 7232K, reserved 1048576K
}
Event: 33.714 GC heap before
{Heap before GC invocations=42 (full 0):
 garbage-first heap   total 86016K, used 65384K [0x0000000088800000, 0x0000000100000000)
  region size 1024K, 20 young (20480K), 2 survivors (2048K)
 Metaspace       used 64872K, committed 65088K, reserved 1114112K
  class space    used 7444K, committed 7552K, reserved 1048576K
}
Event: 33.743 GC heap after
{Heap after GC invocations=43 (full 0):
 garbage-first heap   total 86016K, used 50114K [0x0000000088800000, 0x0000000100000000)
  region size 1024K, 2 young (2048K), 2 survivors (2048K)
 Metaspace       used 64872K, committed 65088K, reserved 1114112K
  class space    used 7444K, committed 7552K, reserved 1048576K
}
Event: 34.010 GC heap before
{Heap before GC invocations=43 (full 0):
 garbage-first heap   total 86016K, used 51138K [0x0000000088800000, 0x0000000100000000)
  region size 1024K, 4 young (4096K), 2 survivors (2048K)
 Metaspace       used 65335K, committed 65536K, reserved 1114112K
  class space    used 7499K, committed 7616K, reserved 1048576K
}
Event: 34.054 GC heap after
{Heap after GC invocations=44 (full 0):
 garbage-first heap   total 86016K, used 50061K [0x0000000088800000, 0x0000000100000000)
  region size 1024K, 1 young (1024K), 1 survivors (1024K)
 Metaspace       used 65335K, committed 65536K, reserved 1114112K
  class space    used 7499K, committed 7616K, reserved 1048576K
}
Event: 36.010 GC heap before
{Heap before GC invocations=44 (full 0):
 garbage-first heap   total 86016K, used 66445K [0x0000000088800000, 0x0000000100000000)
  region size 1024K, 18 young (18432K), 1 survivors (1024K)
 Metaspace       used 69033K, committed 69312K, reserved 1114112K
  class space    used 7866K, committed 8000K, reserved 1048576K
}
Event: 36.026 GC heap after
{Heap after GC invocations=45 (full 0):
 garbage-first heap   total 86016K, used 50691K [0x0000000088800000, 0x0000000100000000)
  region size 1024K, 1 young (1024K), 1 survivors (1024K)
 Metaspace       used 69033K, committed 69312K, reserved 1114112K
  class space    used 7866K, committed 8000K, reserved 1048576K
}
Event: 37.725 GC heap before
{Heap before GC invocations=46 (full 0):
 garbage-first heap   total 87040K, used 69123K [0x0000000088800000, 0x0000000100000000)
  region size 1024K, 19 young (19456K), 1 survivors (1024K)
 Metaspace       used 70101K, committed 70400K, reserved 1114112K
  class space    used 7957K, committed 8064K, reserved 1048576K
}
Event: 37.756 GC heap after
{Heap after GC invocations=47 (full 0):
 garbage-first heap   total 87040K, used 54765K [0x0000000088800000, 0x0000000100000000)
  region size 1024K, 3 young (3072K), 3 survivors (3072K)
 Metaspace       used 70101K, committed 70400K, reserved 1114112K
  class space    used 7957K, committed 8064K, reserved 1048576K
}
Event: 37.891 GC heap before
{Heap before GC invocations=47 (full 0):
 garbage-first heap   total 87040K, used 55789K [0x0000000088800000, 0x0000000100000000)
  region size 1024K, 4 young (4096K), 3 survivors (3072K)
 Metaspace       used 70267K, committed 70592K, reserved 1114112K
  class space    used 7988K, committed 8128K, reserved 1048576K
}
Event: 37.919 GC heap after
{Heap after GC invocations=48 (full 0):
 garbage-first heap   total 87040K, used 55094K [0x0000000088800000, 0x0000000100000000)
  region size 1024K, 1 young (1024K), 1 survivors (1024K)
 Metaspace       used 70267K, committed 70592K, reserved 1114112K
  class space    used 7988K, committed 8128K, reserved 1048576K
}
Event: 39.770 GC heap before
{Heap before GC invocations=48 (full 0):
 garbage-first heap   total 87040K, used 69430K [0x0000000088800000, 0x0000000100000000)
  region size 1024K, 15 young (15360K), 1 survivors (1024K)
 Metaspace       used 72163K, committed 72448K, reserved 1114112K
  class space    used 8175K, committed 8320K, reserved 1048576K
}

